<?xml version="1.0" encoding="UTF-8"?>
<testsuite name="iniciar sesion en la aplicacion  DemoBlaze" tests="1" skipped="0" failures="0" errors="0" timestamp="2022-11-01T00:24:16" hostname="LAPTOP-MUKU1ITQ" time="10.36">
  <properties/>
  <testcase name="El usuario inicia sesion correctamente y compara una laptop" classname="iniciar sesion en la aplicacion  DemoBlaze" time="10.36"/>
  <system-out><![CDATA[]]></system-out>
  <system-err><![CDATA[oct 31, 2022 7:24:16 PM org.openqa.selenium.remote.DesiredCapabilities chrome
INFORMACIÓN: Using `new ChromeOptions()` is preferred to `DesiredCapabilities.chrome()`
Starting ChromeDriver 105.0.5195.52 (412c95e518836d8a7d97250d62b29c2ae6a26a85-refs/branch-heads/5195@{#853}) on port 8931
Only local connections are allowed.
Please see https://chromedriver.chromium.org/security-considerations for suggestions on keeping ChromeDriver safe.
ChromeDriver was started successfully.
[1667262258.407][WARNING]: This version of ChromeDriver has not been tested with Chrome version 106.
oct 31, 2022 7:24:18 PM org.openqa.selenium.remote.ProtocolHandshake createSession
INFORMACIÓN: Detected dialect: W3C
]]></system-err>
</testsuite>
